#
# A fatal error has been detected by the Java Runtime Environment:
#
#  EXCEPTION_IN_PAGE_ERROR (0xc0000006) at pc=0x0000000002b9af1b, pid=3012, tid=0x0000000000001830
#
# JRE version: Java(TM) SE Runtime Environment (8.0_101-b13) (build 1.8.0_101-b13)
# Java VM: Java HotSpot(TM) 64-Bit Server VM (25.101-b13 mixed mode windows-amd64 compressed oops)
# Problematic frame:
# v  ~RuntimeStub::new_type_array Runtime1 stub
#
# Failed to write core dump. Minidumps are not enabled by default on client versions of Windows
#
# If you would like to submit a bug report, please visit:
#   http://bugreport.java.com/bugreport/crash.jsp
#

---------------  T H R E A D  ---------------

Current thread (0x0000000019a20800):  JavaThread "Task worker for ':' Thread 3" [_thread_in_Java, id=6192, stack(0x0000000026350000,0x0000000026450000)]

siginfo: ExceptionCode=0xc0000006, ExceptionInformation=0x0000000000000001 0x00000000f3ddcff8 0x00000000c000009c 

Registers:
RAX=0x00000000f3d9cd50, RBX=0x0000000000100000, RCX=0x00000000f3d9cd60, RDX=0x00000001000007a8
RSP=0x000000002644c628, RBP=0x000000002644c9c8, RSI=0x0000000000008054, RDI=0x0000000000000000
R8 =0x00000000eb9bd280, R9 =0x00000000ec2fd468, R10=0x0000000100b1e588, R11=0x0000000000000246
R12=0x0000000000000000, R13=0x0000000000000050, R14=0x0000000000000050, R15=0x0000000019a20800
RIP=0x0000000002b9af1b, EFLAGS=0x0000000000010202

Top of Stack: (sp=0x000000002644c628)
0x000000002644c628:   0000000006482399 00000000ec31af90
0x000000002644c638:   00000000eb8da708 00000000ec31aec0
0x000000002644c648:   00000001a459b3c0 00000000a459b3c0
0x000000002644c658:   00000000eb8da738 00000000a459b3d0
0x000000002644c668:   00000000a459b3d0 ec31aec000000000
0x000000002644c678:   00000000ec31aee0 00000000eb951120
0x000000002644c688:   00000000ec31aec0 000000002644c6f0
0x000000002644c698:   0000000002aa7b75 0000000002aa7b75
0x000000002644c6a8:   00000000eb8da6a8 00000000000ec048
0x000000002644c6b8:   00000000eb9bd280 0000015000000050
0x000000002644c6c8:   00000000f1836d48 00000000ec31b5a8
0x000000002644c6d8:   0000000003d0d934 00000000ec2fd698
0x000000002644c6e8:   00000000a459b3d0 00000000a459b3d0
0x000000002644c6f8:   000000000682081c 00000000ec314858
0x000000002644c708:   00000000ec31c5d8 000000002644c9c8
0x000000002644c718:   00000000068217bc 0000000000000000 

Instructions: (pc=0x0000000002b9af1b)
0x0000000002b9aefb:   4a 0a 48 81 e1 ff 00 00 00 48 2b f1 48 03 c8 48
0x0000000002b9af0b:   83 ee 00 0f 84 11 00 00 00 48 33 ff 48 c1 ee 03
0x0000000002b9af1b:   48 89 7c f1 f8 48 ff ce 75 f6 c3 55 48 8b ec 48
0x0000000002b9af2b:   89 64 24 d8 48 81 ec 80 00 00 00 48 89 44 24 78 


Register to memory mapping:

RAX=0x00000000f3d9cd50 is an oop
[B 
 - klass: {type array byte}
 - length: 1048576
RBX=0x0000000000100000 is an unknown value
RCX=0x00000000f3d9cd60 is an oop

[error occurred during error reporting (printing register info), id 0xc0000005]

Stack: [0x0000000026350000,0x0000000026450000],  sp=0x000000002644c628,  free space=1009k
Native frames: (J=compiled Java code, j=interpreted, Vv=VM code, C=native code)
C  0x0000000002b9af1b


---------------  P R O C E S S  ---------------

Java Threads: ( => current thread )
  0x00000000197f2000 JavaThread "ForkJoinPool.commonPool-worker-3" daemon [_thread_blocked, id=1640, stack(0x00000000266e0000,0x00000000267e0000)]
  0x00000000197f0800 JavaThread "Cache worker for Java compile cache (C:\Users\CH-Hamza\AndroidStudioProjects\Needlez2\.gradle\4.1\javaCompile)" [_thread_blocked, id=6200, stack(0x00000000259f0000,0x0000000025af0000)]
=>0x0000000019a20800 JavaThread "Task worker for ':' Thread 3" [_thread_in_Java, id=6192, stack(0x0000000026350000,0x0000000026450000)]
  0x0000000019a23800 JavaThread "Task worker for ':' Thread 2" [_thread_blocked, id=5528, stack(0x0000000026050000,0x0000000026150000)]
  0x0000000019a20000 JavaThread "Task worker for ':'" [_thread_blocked, id=5664, stack(0x0000000025d50000,0x0000000025e50000)]
  0x0000000019a21800 JavaThread "Cache worker for task history cache (C:\Users\CH-Hamza\AndroidStudioProjects\Needlez2\.gradle\4.1\taskHistory)" [_thread_blocked, id=848, stack(0x00000000254f0000,0x00000000255f0000)]
  0x0000000019a22000 JavaThread "Cache worker for file content cache (C:\Users\CH-Hamza\AndroidStudioProjects\Needlez2\.gradle\4.1\fileContent)" [_thread_blocked, id=3888, stack(0x00000000253f0000,0x00000000254f0000)]
  0x0000000019a1c000 JavaThread "build operations Thread 4" [_thread_blocked, id=7696, stack(0x00000000246e0000,0x00000000247e0000)]
  0x0000000019a1d800 JavaThread "build operations Thread 3" [_thread_blocked, id=2420, stack(0x00000000245e0000,0x00000000246e0000)]
  0x0000000019a1e800 JavaThread "build operations Thread 2" [_thread_blocked, id=5412, stack(0x00000000244e0000,0x00000000245e0000)]
  0x0000000019a1d000 JavaThread "build operations" [_thread_blocked, id=5836, stack(0x000000001ff20000,0x0000000020020000)]
  0x0000000019a1f000 JavaThread "Cache worker for Artifact transforms cache (C:\Users\CH-Hamza\.gradle\caches\transforms-1)" [_thread_blocked, id=3208, stack(0x000000001ee50000,0x000000001ef50000)]
  0x0000000019a1b800 JavaThread "Cache worker for file hash cache (C:\Users\CH-Hamza\AndroidStudioProjects\Needlez2\.gradle\4.1\fileHashes)" [_thread_blocked, id=5508, stack(0x000000001c5c0000,0x000000001c6c0000)]
  0x0000000019a18800 JavaThread "Stdin handler" [_thread_blocked, id=2936, stack(0x000000001c2c0000,0x000000001c3c0000)]
  0x0000000019a17800 JavaThread "Asynchronous log dispatcher for DefaultDaemonConnection: socket connection from /127.0.0.1:61313 to /127.0.0.1:59198" [_thread_blocked, id=6496, stack(0x000000001bcc0000,0x000000001bdc0000)]
  0x0000000019a1a800 JavaThread "Daemon worker Thread 11" [_thread_blocked, id=1168, stack(0x000000001bbc0000,0x000000001bcc0000)]
  0x0000000019a1a000 JavaThread "Cancel handler" [_thread_blocked, id=2112, stack(0x000000001bac0000,0x000000001bbc0000)]
  0x0000000019a16000 JavaThread "Handler for socket connection from /127.0.0.1:61313 to /127.0.0.1:59198" [_thread_in_native, id=3432, stack(0x000000001b7c0000,0x000000001b8c0000)]
  0x0000000019a19000 JavaThread "Daemon Thread 11" [_thread_blocked, id=4088, stack(0x000000001b6c0000,0x000000001b7c0000)]
  0x00000000199e9000 JavaThread "Memory manager" [_thread_blocked, id=6624, stack(0x00000000211b0000,0x00000000212b0000)]
  0x00000000199e5000 JavaThread "pool-1-thread-1" [_thread_blocked, id=5912, stack(0x0000000020eb0000,0x0000000020fb0000)]
  0x0000000017edf000 JavaThread "File lock request listener" [_thread_in_native, id=7236, stack(0x000000001bfc0000,0x000000001c0c0000)]
  0x0000000017edb800 JavaThread "Cache worker for file hash cache (C:\Users\CH-Hamza\.gradle\caches\4.1\fileHashes)" [_thread_blocked, id=7972, stack(0x000000001bec0000,0x000000001bfc0000)]
  0x0000000018829800 JavaThread "Daemon periodic checks" [_thread_blocked, id=8092, stack(0x000000001b5c0000,0x000000001b6c0000)]
  0x0000000018548800 JavaThread "Incoming local TCP Connector on port 61313" [_thread_in_native, id=1540, stack(0x000000001b0c0000,0x000000001b1c0000)]
  0x00000000196af800 JavaThread "Daemon health stats" [_thread_blocked, id=8152, stack(0x000000001aae0000,0x000000001abe0000)]
  0x0000000017d65000 JavaThread "Service Thread" daemon [_thread_blocked, id=4172, stack(0x0000000018140000,0x0000000018240000)]
  0x0000000016419800 JavaThread "C1 CompilerThread2" daemon [_thread_blocked, id=3908, stack(0x0000000017c40000,0x0000000017d40000)]
  0x0000000016412800 JavaThread "C2 CompilerThread1" daemon [_thread_blocked, id=7084, stack(0x0000000017b40000,0x0000000017c40000)]
  0x000000001640f800 JavaThread "C2 CompilerThread0" daemon [_thread_blocked, id=4900, stack(0x0000000017a40000,0x0000000017b40000)]
  0x000000001640a000 JavaThread "Attach Listener" daemon [_thread_blocked, id=8008, stack(0x0000000017940000,0x0000000017a40000)]
  0x0000000016409000 JavaThread "Signal Dispatcher" daemon [_thread_blocked, id=4304, stack(0x0000000017840000,0x0000000017940000)]
  0x00000000163fa800 JavaThread "Finalizer" daemon [_thread_blocked, id=7748, stack(0x0000000017660000,0x0000000017760000)]
  0x00000000029bf000 JavaThread "Reference Handler" daemon [_thread_blocked, id=4604, stack(0x0000000017560000,0x0000000017660000)]
  0x00000000028d1000 JavaThread "main" [_thread_blocked, id=5632, stack(0x0000000001050000,0x0000000001150000)]

Other Threads:
  0x00000000163d7800 VMThread [stack: 0x0000000017460000,0x0000000017560000] [id=3732]
  0x0000000017d69800 WatcherThread [stack: 0x0000000018240000,0x0000000018340000] [id=1392]

VM state:synchronizing (normal execution)

VM Mutex/Monitor currently owned by a thread:  ([mutex/lock_event])
[0x0000000000eec7e0] Safepoint_lock - owner thread: 0x00000000163d7800
[0x0000000000eeb960] Threads_lock - owner thread: 0x00000000163d7800

Heap:
 PSYoungGen      total 360960K, used 338876K [0x00000000e0000000, 0x00000000fb180000, 0x0000000100000000)
  eden space 348160K, 93% used [0x00000000e0000000,0x00000000f3ea0998,0x00000000f5400000)
  from space 12800K, 98% used [0x00000000f7400000,0x00000000f804e7e0,0x00000000f8080000)
  to   space 36352K, 0% used [0x00000000f8e00000,0x00000000f8e00000,0x00000000fb180000)
 ParOldGen       total 123904K, used 90994K [0x00000000a0000000, 0x00000000a7900000, 0x00000000e0000000)
  object space 123904K, 73% used [0x00000000a0000000,0x00000000a58dcb00,0x00000000a7900000)
 Metaspace       used 87869K, capacity 95995K, committed 96152K, reserved 1132544K
  class space    used 11403K, capacity 13175K, committed 13232K, reserved 1048576K

Card table byte_map: [0x0000000011e60000,0x0000000012170000] byte_map_base: 0x0000000011960000

Marking Bits: (ParMarkBitMap*) 0x000000006435a6d0
 Begin Bits: [0x0000000012770000, 0x0000000013f70000)
 End Bits:   [0x0000000013f70000, 0x0000000015770000)

Polling page: 0x0000000000ef0000

CodeCache: size=245760Kb used=68916Kb max_used=68936Kb free=176843Kb
 bounds [0x0000000002aa0000, 0x0000000006e60000, 0x0000000011aa0000]
 total_blobs=19837 nmethods=18985 adapters=763
 compilation: enabled

Compilation events (10 events):
Event: 17926.850 Thread 0x0000000016419800 nmethod 24650 0x0000000006e40810 code [0x0000000006e40960, 0x0000000006e40a70]
Event: 17926.856 Thread 0x0000000016419800 24651       3       com.android.apkzlib.zip.InflaterByteSource::innerClose (8 bytes)
Event: 17926.857 Thread 0x0000000016419800 nmethod 24651 0x0000000006e46b50 code [0x0000000006e46ce0, 0x0000000006e47248]
Event: 17926.858 Thread 0x0000000016419800 24652       3       com.android.apkzlib.zip.ZFile::positionInFile (142 bytes)
Event: 17926.860 Thread 0x0000000016419800 nmethod 24652 0x0000000006e45dd0 code [0x0000000006e45fe0, 0x0000000006e46628]
Event: 17926.861 Thread 0x0000000016419800 24653       3       java.util.TreeMap::ceilingKey (9 bytes)
Event: 17926.862 Thread 0x0000000016419800 nmethod 24653 0x0000000006e45890 code [0x0000000006e45a00, 0x0000000006e45cc8]
Event: 17926.886 Thread 0x0000000016419800 24654       3       com.android.apkzlib.zip.StoredEntry::loadSourceIntoMemory (65 bytes)
Event: 17926.890 Thread 0x0000000016419800 nmethod 24654 0x0000000006e479d0 code [0x0000000006e47c20, 0x0000000006e48a38]
Event: 17926.996 Thread 0x0000000016412800 nmethod 24620 0x0000000006e4ddd0 code [0x0000000006e4e360, 0x0000000006e52550]

GC Heap History (10 events):
Event: 6770.470 GC heap before
{Heap before GC invocations=22 (full 3):
 PSYoungGen      total 421376K, used 421360K [0x00000000e0000000, 0x0000000100000000, 0x0000000100000000)
  eden space 415232K, 100% used [0x00000000e0000000,0x00000000f9580000,0x00000000f9580000)
  from space 6144K, 99% used [0x00000000fc100000,0x00000000fc6fc098,0x00000000fc700000)
  to   space 44544K, 0% used [0x00000000f9580000,0x00000000f9580000,0x00000000fc100000)
 ParOldGen       total 123904K, used 89518K [0x00000000a0000000, 0x00000000a7900000, 0x00000000e0000000)
  object space 123904K, 72% used [0x00000000a0000000,0x00000000a576b828,0x00000000a7900000)
 Metaspace       used 84347K, capacity 90087K, committed 90392K, reserved 1128448K
  class space    used 10953K, capacity 12217K, committed 12336K, reserved 1048576K
Event: 6770.585 GC heap after
Heap after GC invocations=22 (full 3):
 PSYoungGen      total 459776K, used 13032K [0x00000000e0000000, 0x0000000100000000, 0x0000000100000000)
  eden space 415232K, 0% used [0x00000000e0000000,0x00000000e0000000,0x00000000f9580000)
  from space 44544K, 29% used [0x00000000f9580000,0x00000000fa23a370,0x00000000fc100000)
  to   space 42496K, 0% used [0x00000000fd680000,0x00000000fd680000,0x0000000100000000)
 ParOldGen       total 123904K, used 90686K [0x00000000a0000000, 0x00000000a7900000, 0x00000000e0000000)
  object space 123904K, 73% used [0x00000000a0000000,0x00000000a588fab0,0x00000000a7900000)
 Metaspace       used 84347K, capacity 90087K, committed 90392K, reserved 1128448K
  class space    used 10953K, capacity 12217K, committed 12336K, reserved 1048576K
}
Event: 8442.095 GC heap before
{Heap before GC invocations=23 (full 3):
 PSYoungGen      total 459776K, used 428264K [0x00000000e0000000, 0x0000000100000000, 0x0000000100000000)
  eden space 415232K, 100% used [0x00000000e0000000,0x00000000f9580000,0x00000000f9580000)
  from space 44544K, 29% used [0x00000000f9580000,0x00000000fa23a370,0x00000000fc100000)
  to   space 42496K, 0% used [0x00000000fd680000,0x00000000fd680000,0x0000000100000000)
 ParOldGen       total 123904K, used 90686K [0x00000000a0000000, 0x00000000a7900000, 0x00000000e0000000)
  object space 123904K, 73% used [0x00000000a0000000,0x00000000a588fab0,0x00000000a7900000)
 Metaspace       used 85566K, capacity 91763K, committed 91928K, reserved 1128448K
  class space    used 11078K, capacity 12513K, committed 12592K, reserved 1048576K
Event: 8442.193 GC heap after
Heap after GC invocations=23 (full 3):
 PSYoungGen      total 411136K, used 13674K [0x00000000e0000000, 0x00000000fe400000, 0x0000000100000000)
  eden space 397312K, 0% used [0x00000000e0000000,0x00000000e0000000,0x00000000f8400000)
  from space 13824K, 98% used [0x00000000fd680000,0x00000000fe3da8d8,0x00000000fe400000)
  to   space 40960K, 0% used [0x00000000f9400000,0x00000000f9400000,0x00000000fbc00000)
 ParOldGen       total 123904K, used 90970K [0x00000000a0000000, 0x00000000a7900000, 0x00000000e0000000)
  object space 123904K, 73% used [0x00000000a0000000,0x00000000a58d6b00,0x00000000a7900000)
 Metaspace       used 85566K, capacity 91763K, committed 91928K, reserved 1128448K
  class space    used 11078K, capacity 12513K, committed 12592K, reserved 1048576K
}
Event: 9571.748 GC heap before
{Heap before GC invocations=24 (full 3):
 PSYoungGen      total 411136K, used 410986K [0x00000000e0000000, 0x00000000fe400000, 0x0000000100000000)
  eden space 397312K, 100% used [0x00000000e0000000,0x00000000f8400000,0x00000000f8400000)
  from space 13824K, 98% used [0x00000000fd680000,0x00000000fe3da8d8,0x00000000fe400000)
  to   space 40960K, 0% used [0x00000000f9400000,0x00000000f9400000,0x00000000fbc00000)
 ParOldGen       total 123904K, used 90970K [0x00000000a0000000, 0x00000000a7900000, 0x00000000e0000000)
  object space 123904K, 73% used [0x00000000a0000000,0x00000000a58d6b00,0x00000000a7900000)
 Metaspace       used 86340K, capacity 93165K, committed 93336K, reserved 1130496K
  class space    used 11187K, capacity 12720K, committed 12720K, reserved 1048576K
Event: 9571.832 GC heap after
Heap after GC invocations=24 (full 3):
 PSYoungGen      total 395264K, used 15174K [0x00000000e0000000, 0x00000000fd700000, 0x0000000100000000)
  eden space 379904K, 0% used [0x00000000e0000000,0x00000000e0000000,0x00000000f7300000)
  from space 15360K, 98% used [0x00000000f9400000,0x00000000fa2d1a38,0x00000000fa300000)
  to   space 38912K, 0% used [0x00000000fb100000,0x00000000fb100000,0x00000000fd700000)
 ParOldGen       total 123904K, used 90978K [0x00000000a0000000, 0x00000000a7900000, 0x00000000e0000000)
  object space 123904K, 73% used [0x00000000a0000000,0x00000000a58d8b00,0x00000000a7900000)
 Metaspace       used 86340K, capacity 93165K, committed 93336K, reserved 1130496K
  class space    used 11187K, capacity 12720K, committed 12720K, reserved 1048576K
}
Event: 9729.437 GC heap before
{Heap before GC invocations=25 (full 3):
 PSYoungGen      total 395264K, used 395078K [0x00000000e0000000, 0x00000000fd700000, 0x0000000100000000)
  eden space 379904K, 100% used [0x00000000e0000000,0x00000000f7300000,0x00000000f7300000)
  from space 15360K, 98% used [0x00000000f9400000,0x00000000fa2d1a38,0x00000000fa300000)
  to   space 38912K, 0% used [0x00000000fb100000,0x00000000fb100000,0x00000000fd700000)
 ParOldGen       total 123904K, used 90978K [0x00000000a0000000, 0x00000000a7900000, 0x00000000e0000000)
  object space 123904K, 73% used [0x00000000a0000000,0x00000000a58d8b00,0x00000000a7900000)
 Metaspace       used 86975K, capacity 94517K, committed 94616K, reserved 1130496K
  class space    used 11290K, capacity 12944K, committed 12976K, reserved 1048576K
Event: 9729.580 GC heap after
Heap after GC invocations=25 (full 3):
 PSYoungGen      total 376832K, used 13263K [0x00000000e0000000, 0x00000000fbe00000, 0x0000000100000000)
  eden space 363520K, 0% used [0x00000000e0000000,0x00000000e0000000,0x00000000f6300000)
  from space 13312K, 99% used [0x00000000fb100000,0x00000000fbdf3ee0,0x00000000fbe00000)
  to   space 37888K, 0% used [0x00000000f7400000,0x00000000f7400000,0x00000000f9900000)
 ParOldGen       total 123904K, used 90986K [0x00000000a0000000, 0x00000000a7900000, 0x00000000e0000000)
  object space 123904K, 73% used [0x00000000a0000000,0x00000000a58dab00,0x00000000a7900000)
 Metaspace       used 86975K, capacity 94517K, committed 94616K, reserved 1130496K
  class space    used 11290K, capacity 12944K, committed 12976K, reserved 1048576K
}
Event: 16284.775 GC heap before
{Heap before GC invocations=26 (full 3):
 PSYoungGen      total 376832K, used 376783K [0x00000000e0000000, 0x00000000fbe00000, 0x0000000100000000)
  eden space 363520K, 100% used [0x00000000e0000000,0x00000000f6300000,0x00000000f6300000)
  from space 13312K, 99% used [0x00000000fb100000,0x00000000fbdf3ee0,0x00000000fbe00000)
  to   space 37888K, 0% used [0x00000000f7400000,0x00000000f7400000,0x00000000f9900000)
 ParOldGen       total 123904K, used 90986K [0x00000000a0000000, 0x00000000a7900000, 0x00000000e0000000)
  object space 123904K, 73% used [0x00000000a0000000,0x00000000a58dab00,0x00000000a7900000)
 Metaspace       used 87640K, capacity 95747K, committed 95896K, reserved 1132544K
  class space    used 11389K, capacity 13135K, committed 13232K, reserved 1048576K
Event: 16286.348 GC heap after
Heap after GC invocations=26 (full 3):
 PSYoungGen      total 360960K, used 12601K [0x00000000e0000000, 0x00000000fb180000, 0x0000000100000000)
  eden space 348160K, 0% used [0x00000000e0000000,0x00000000e0000000,0x00000000f5400000)
  from space 12800K, 98% used [0x00000000f7400000,0x00000000f804e7e0,0x00000000f8080000)
  to   space 36352K, 0% used [0x00000000f8e00000,0x00000000f8e00000,0x00000000fb180000)
 ParOldGen       total 123904K, used 90994K [0x00000000a0000000, 0x00000000a7900000, 0x00000000e0000000)
  object space 123904K, 73% used [0x00000000a0000000,0x00000000a58dcb00,0x00000000a7900000)
 Metaspace       used 87640K, capacity 95747K, committed 95896K, reserved 1132544K
  class space    used 11389K, capacity 13135K, committed 13232K, reserved 1048576K
}

Deoptimization events (10 events):
Event: 9775.625 Thread 0x0000000019a1a800 Uncommon trap: reason=array_check action=maybe_recompile pc=0x0000000003e0554c method=java.util.ComparableTimSort.reverseRange([Ljava/lang/Object;II)V @ 27
Event: 17917.922 Thread 0x0000000019a20800 Uncommon trap: reason=bimorphic action=maybe_recompile pc=0x0000000003db810c method=org.gradle.api.internal.changedetection.state.AbstractNormalizedFileSnapshot.compareTo(Lorg/gradle/api/internal/changedetection/state/NormalizedFileSnapshot;)I @ 1
Event: 17917.923 Thread 0x0000000019a20800 Uncommon trap: reason=bimorphic action=maybe_recompile pc=0x0000000003db810c method=org.gradle.api.internal.changedetection.state.AbstractNormalizedFileSnapshot.compareTo(Lorg/gradle/api/internal/changedetection/state/NormalizedFileSnapshot;)I @ 1
Event: 17917.923 Thread 0x0000000019a20800 Uncommon trap: reason=bimorphic action=maybe_recompile pc=0x0000000003db810c method=org.gradle.api.internal.changedetection.state.AbstractNormalizedFileSnapshot.compareTo(Lorg/gradle/api/internal/changedetection/state/NormalizedFileSnapshot;)I @ 1
Event: 17917.923 Thread 0x0000000019a20800 Uncommon trap: reason=bimorphic action=maybe_recompile pc=0x0000000003399324 method=org.gradle.api.internal.changedetection.state.AbstractNormalizedFileSnapshot.compareTo(Lorg/gradle/api/internal/changedetection/state/NormalizedFileSnapshot;)I @ 1
Event: 17918.028 Thread 0x0000000019a20800 Uncommon trap: reason=unstable_if action=reinterpret pc=0x0000000005c7ccb4 method=org.gradle.api.internal.file.pattern.FixedStepPathMatcher.matches([Ljava/lang/String;I)Z @ 18
Event: 17918.028 Thread 0x0000000019a20800 Uncommon trap: reason=unstable_if action=reinterpret pc=0x000000000395a4ec method=org.gradle.api.internal.file.pattern.FixedStepPathMatcher.matches([Ljava/lang/String;I)Z @ 18
Event: 17918.028 Thread 0x0000000019a20800 Uncommon trap: reason=unstable_if action=reinterpret pc=0x00000000030caff0 method=org.gradle.api.internal.file.pattern.FixedStepPathMatcher.matches([Ljava/lang/String;I)Z @ 18
Event: 17918.028 Thread 0x0000000019a20800 Uncommon trap: reason=unstable_if action=reinterpret pc=0x0000000006374d2c method=org.gradle.api.internal.file.pattern.FixedStepPathMatcher.matches([Ljava/lang/String;I)Z @ 18
Event: 17921.675 Thread 0x0000000019a20800 Uncommon trap: reason=unstable_if action=reinterpret pc=0x000000000571aae4 method=com.sun.tools.javac.parser.UnicodeReader.scanChar()V @ 37

Internal exceptions (10 events):
Event: 9776.816 Thread 0x0000000019a1a800 Exception <a 'sun/nio/fs/WindowsException'> (0x00000000ed0e5d68) thrown at [C:\re\workspace\8-2-build-windows-amd64-cygwin\jdk8u101\7261\hotspot\src\share\vm\prims\jni.cpp, line 709]
Event: 9782.058 Thread 0x0000000019a1a800 Exception <a 'sun/nio/fs/WindowsException'> (0x00000000f2722e88) thrown at [C:\re\workspace\8-2-build-windows-amd64-cygwin\jdk8u101\7261\hotspot\src\share\vm\prims\jni.cpp, line 709]
Event: 9943.874 Thread 0x00000000199e5000 Exception <a 'sun/nio/fs/WindowsException'> (0x00000000e484e090) thrown at [C:\re\workspace\8-2-build-windows-amd64-cygwin\jdk8u101\7261\hotspot\src\share\vm\prims\jni.cpp, line 709]
Event: 10171.182 Thread 0x00000000199e5000 Exception <a 'sun/nio/fs/WindowsException'> (0x00000000f2a1be30) thrown at [C:\re\workspace\8-2-build-windows-amd64-cygwin\jdk8u101\7261\hotspot\src\share\vm\prims\jni.cpp, line 709]
Event: 10250.344 Thread 0x00000000199e5000 Exception <a 'sun/nio/fs/WindowsException'> (0x00000000f2cdc4f0) thrown at [C:\re\workspace\8-2-build-windows-amd64-cygwin\jdk8u101\7261\hotspot\src\share\vm\prims\jni.cpp, line 709]
Event: 10330.583 Thread 0x00000000199e5000 Exception <a 'sun/nio/fs/WindowsException'> (0x00000000f2cddce0) thrown at [C:\re\workspace\8-2-build-windows-amd64-cygwin\jdk8u101\7261\hotspot\src\share\vm\prims\jni.cpp, line 709]
Event: 10376.818 Thread 0x00000000199e5000 Exception <a 'sun/nio/fs/WindowsException'> (0x00000000f2d991d8) thrown at [C:\re\workspace\8-2-build-windows-amd64-cygwin\jdk8u101\7261\hotspot\src\share\vm\prims\jni.cpp, line 709]
Event: 17895.429 Thread 0x0000000019a1a800 Exception <a 'java/lang/ClassNotFoundException': sync_local_repo24201_2ggjgvj617t875q9j08d4hxm2BeanInfo> (0x00000000e133cb28) thrown at [C:\re\workspace\8-2-build-windows-amd64-cygwin\jdk8u101\7261\hotspot\src\share\vm\classfile\systemDictionary.cpp, line 
6¡ì€y—@
Event: 17895.431 Thread 0x0000000019a1a800 Exception <a 'java/lang/ClassNotFoundException': sync_local_repo24201_2ggjgvj617t875q9j08d4hxm2Customizer> (0x00000000e13475f0) thrown at [C:\re\workspace\8-2-build-windows-amd64-cygwin\jdk8u101\7261\hotspot\src\share\vm\classfile\systemDictionary.cpp, linèvÆz—@
Event: 17898.726 Thread 0x0000000019a1a800 Exception <a 'sun/nio/fs/WindowsException'> (0x00000000e4352e68) thrown at [C:\re\workspace\8-2-build-windows-amd64-cygwin\jdk8u101\7261\hotspot\src\share\vm\prims\jni.cpp, line 709]

Events (10 events):
Event: 17922.148 Thread 0x0000000019a20800 DEOPT PACKING pc=0x0000000005fe394f sp=0x000000002644b150
Event: 17922.149 Thread 0x0000000019a20800 DEOPT UNPACKING pc=0x0000000002ae747f sp=0x000000002644af50 mode 0
Event: 17922.249 Thread 0x0000000019a20800 DEOPT PACKING pc=0x0000000005fe394f sp=0x000000002644b570
Event: 17922.249 Thread 0x0000000019a20800 DEOPT UNPACKING pc=0x0000000002ae747f sp=0x000000002644b370 mode 0
Event: 17925.711 Thread 0x0000000019a20800 DEOPT PACKING pc=0x00000000058beff7 sp=0x000000002644be80
Event: 17925.711 Thread 0x0000000019a20800 DEOPT UNPACKING pc=0x0000000002ae747f sp=0x000000002644bb80 mode 0
Event: 17926.487 Thread 0x00000000197f2000 Thread added: 0x00000000197f2000
Event: 17926.810 Executing VM operation: RevokeBias
Event: 17926.810 Executing VM operation: RevokeBias done
Event: 17934.488 Executing VM operation: RevokeBias


Dynamic libraries:
0x00007ff789950000 - 0x00007ff789987000 	C:\Program Files\Java\jdk1.8.0_101\bin\java.exe
0x00007ff9bc410000 - 0x00007ff9bc5b9000 	C:\Windows\SYSTEM32\ntdll.dll
0x00007ff9ba4d0000 - 0x00007ff9ba609000 	C:\Windows\system32\KERNEL32.DLL
0x00007ff9b98b0000 - 0x00007ff9b99be000 	C:\Windows\system32\KERNELBASE.dll
0x00007ff9b83c0000 - 0x00007ff9b844b000 	C:\Windows\system32\apphelp.dll
0x00007ff9addc0000 - 0x00007ff9ade0c000 	C:\Windows\AppPatch\AppPatch64\AcGenral.DLL
0x00007ff9ba680000 - 0x00007ff9ba727000 	C:\Windows\system32\msvcrt.dll
0x00007ff9b95d0000 - 0x00007ff9b95fb000 	C:\Windows\SYSTEM32\SspiCli.dll
0x00007ff9b9f10000 - 0x00007ff9b9f61000 	C:\Windows\system32\SHLWAPI.dll
0x00007ff9ba8e0000 - 0x00007ff9baa51000 	C:\Windows\system32\USER32.dll
0x00007ff9ba150000 - 0x00007ff9ba2c6000 	C:\Windows\system32\ole32.dll
0x00007ff9bac00000 - 0x00007ff9bc00f000 	C:\Windows\system32\SHELL32.dll
0x00007ff9b8da0000 - 0x00007ff9b8dbf000 	C:\Windows\SYSTEM32\USERENV.dll
0x00007ff9bc0d0000 - 0x00007ff9bc175000 	C:\Windows\system32\ADVAPI32.dll
0x00007ff9b7790000 - 0x00007ff9b77ab000 	C:\Windows\SYSTEM32\MPR.dll
0x00007ff9ba390000 - 0x00007ff9ba4c6000 	C:\Windows\system32\RPCRT4.dll
0x00007ff9ba880000 - 0x00007ff9ba8d7000 	C:\Windows\SYSTEM32\sechost.dll
0x00007ff9bc180000 - 0x00007ff9bc357000 	C:\Windows\SYSTEM32\combase.dll
0x00007ff9ba730000 - 0x00007ff9ba875000 	C:\Windows\system32\GDI32.dll
0x00007ff9b9790000 - 0x00007ff9b97a4000 	C:\Windows\SYSTEM32\profapi.dll
0x00007ff9b7d70000 - 0x00007ff9b7e11000 	C:\Windows\SYSTEM32\SHCORE.dll
0x00007ff9bc080000 - 0x00007ff9bc0b4000 	C:\Windows\system32\IMM32.DLL
0x00007ff9b9d00000 - 0x00007ff9b9e38000 	C:\Windows\system32\MSCTF.dll
0x00007ff9b6f80000 - 0x00007ff9b71da000 	C:\Windows\WinSxS\amd64_microsoft.windows.common-controls_6595b64144ccf1df_6.0.9600.16384_none_62475f7becb72503\COMCTL32.dll
0x00000000643e0000 - 0x00000000644b2000 	C:\Program Files\Java\jdk1.8.0_101\jre\bin\msvcr100.dll
0x0000000063b40000 - 0x00000000643da000 	C:\Program Files\Java\jdk1.8.0_101\jre\bin\server\jvm.dll
0x00007ff9b31b0000 - 0x00007ff9b31b9000 	C:\Windows\SYSTEM32\WSOCK32.dll
0x00007ff9b3250000 - 0x00007ff9b326f000 	C:\Windows\SYSTEM32\WINMM.dll
0x00007ff9b3880000 - 0x00007ff9b388a000 	C:\Windows\SYSTEM32\VERSION.dll
0x00007ff9bc400000 - 0x00007ff9bc407000 	C:\Windows\system32\PSAPI.DLL
0x00007ff9ba610000 - 0x00007ff9ba668000 	C:\Windows\system32\WS2_32.dll
0x00007ff9b3220000 - 0x00007ff9b324a000 	C:\Windows\SYSTEM32\WINMMBASE.dll
0x00007ff9bc070000 - 0x00007ff9bc079000 	C:\Windows\system32\NSI.dll
0x00007ff9b9a70000 - 0x00007ff9b9aba000 	C:\Windows\SYSTEM32\cfgmgr32.dll
0x00007ff9b8610000 - 0x00007ff9b8636000 	C:\Windows\SYSTEM32\DEVOBJ.dll
0x0000000063b30000 - 0x0000000063b3f000 	C:\Program Files\Java\jdk1.8.0_101\jre\bin\verify.dll
0x0000000063b00000 - 0x0000000063b29000 	C:\Program Files\Java\jdk1.8.0_101\jre\bin\java.dll
0x0000000063ae0000 - 0x0000000063af6000 	C:\Program Files\Java\jdk1.8.0_101\jre\bin\zip.dll
0x0000000063ac0000 - 0x0000000063ada000 	C:\Program Files\Java\jdk1.8.0_101\jre\bin\net.dll
0x00007ff9b9050000 - 0x00007ff9b90a8000 	C:\Windows\system32\mswsock.dll
0x0000000063aa0000 - 0x0000000063ab1000 	C:\Program Files\Java\jdk1.8.0_101\jre\bin\nio.dll
0x00007ff9ad500000 - 0x00007ff9ad51e000 	C:\Users\CH-Hamza\.gradle\native\25\windows-amd64\native-platform.dll
0x0000000063a90000 - 0x0000000063a9d000 	C:\Program Files\Java\jdk1.8.0_101\jre\bin\management.dll
0x00007ff9b90b0000 - 0x00007ff9b90ce000 	C:\Windows\SYSTEM32\CRYPTSP.dll
0x00007ff9b8c90000 - 0x00007ff9b8cc5000 	C:\Windows\system32\rsaenh.dll
0x00007ff9b92e0000 - 0x00007ff9b9306000 	C:\Windows\SYSTEM32\bcrypt.dll
0x00007ff9b9600000 - 0x00007ff9b965e000 	C:\Windows\system32\bcryptprimitives.dll
0x00007ff9b9660000 - 0x00007ff9b966a000 	C:\Windows\SYSTEM32\CRYPTBASE.dll
0x00007ff9b5310000 - 0x00007ff9b5339000 	C:\Windows\SYSTEM32\IPHLPAPI.DLL
0x00007ff9b52e0000 - 0x00007ff9b52ea000 	C:\Windows\SYSTEM32\WINNSI.DLL
0x00007ff9b4dc0000 - 0x00007ff9b4dd4000 	C:\Windows\SYSTEM32\dhcpcsvc6.DLL
0x00007ff9b4e00000 - 0x00007ff9b4e19000 	C:\Windows\SYSTEM32\dhcpcsvc.DLL
0x00007ff9b3c20000 - 0x00007ff9b3c50000 	C:\Windows\SYSTEM32\ntmarta.dll
0x00007ff9a41f0000 - 0x00007ff9a4378000 	C:\Windows\SYSTEM32\dbghelp.dll

VM Arguments:
jvm_args: -Xmx1536m -Dfile.encoding=windows-1252 -Duser.country=US -Duser.language=en -Duser.variant 
java_command: org.gradle.launcher.daemon.bootstrap.GradleDaemon 4.1
java_class_path (initial): C:\Users\CH-Hamza\.gradle\wrapper\dists\gradle-4.1-all\bzyivzo6n839fup2jbap0tjew\gradle-4.1\lib\gradle-launcher-4.1.jar
Launcher Type: SUN_STANDARD

Environment Variables:
PATH=C:\ProgramData\Oracle\Java\javapath;C:\Windows\system32;C:\Windows;C:\Windows\System32\Wbem;C:\Windows\System32\WindowsPowerShell\v1.0\;C:\curl-7.54.1-win32-mingw\bin;C:\Users\CH-Hamza\AppData\Local\Android\sdk1\platform-tools;C:\Program Files\nodejs\;C:\Program Files (x86)\Skype\Phone\;C:\Program Files\Git\cmd;C:\Users\CH-Hamza\AppData\Local\Android\sdk\tools
USERNAME=CH-Hamza
OS=Windows_NT
PROCESSOR_IDENTIFIER=Intel64 Family 6 Model 37 Stepping 2, GenuineIntel



---------------  S Y S T E M  ---------------

OS: Windows 8.1 , 64 bit Build 9600 (6.3.9600.16408)

CPU:total 4 (2 cores per cpu, 2 threads per core) family 6 model 37 stepping 2, cmov, cx8, fxsr, mmx, sse, sse2, sse3, ssse3, sse4.1, sse4.2, popcnt, ht, tsc, tscinvbit

Memory: 4k page, physical 6077824k(1649684k free), swap 12369280k(6014752k free)

vm_info: Java HotSpot(TM) 64-Bit Server VM (25.101-b13) for windows-amd64 JRE (1.8.0_101-b13), built on Jun 22 2016 01:21:29 by "java_re" with MS VC++ 10.0 (VS2010)

time: Wed Mar 28 16:57:00 2018
elapsed time: 17938 seconds (0d 4h 58m 58s)

